# JRE version: OpenJDK Runtime Environment (8.0_151-b12) (build 1.8.0_151-8u151-b12-0ubuntu0.16.04.2-b12)
# Java VM: OpenJDK 64-Bit Server VM (25.151-b12 mixed mode linux-amd64 compressed oops)
Heap:
 PSYoungGen      total 38400K, used 21203K [0x00000000d7100000, 0x00000000da000000, 0x0000000100000000)
  eden space 29696K, 71% used [0x00000000d7100000,0x00000000d85a4cb8,0x00000000d8e00000)
  from space 8704K, 0% used [0x00000000d9700000,0x00000000d9710000,0x00000000d9f80000)
  to   space 9216K, 0% used [0x00000000d8e00000,0x00000000d8e00000,0x00000000d9700000)
 ParOldGen       total 84992K, used 10097K [0x0000000085200000, 0x000000008a500000, 0x00000000d7100000)
  object space 84992K, 11% used [0x0000000085200000,0x0000000085bdc430,0x000000008a500000)
 Metaspace       used 15465K, capacity 15758K, committed 16000K, reserved 1062912K
  class space    used 1766K, capacity 1877K, committed 1920K, reserved 1048576K
GC Heap History (10 events):
Event: 1012.550 GC heap before
{Heap before GC invocations=4 (full 0):
 PSYoungGen      total 36864K, used 36145K [0x00000000d7100000, 0x00000000d9a00000, 0x0000000100000000)
  eden space 31744K, 100% used [0x00000000d7100000,0x00000000d9000000,0x00000000d9000000)
  from space 5120K, 85% used [0x00000000d9000000,0x00000000d944c438,0x00000000d9500000)
  to   space 5120K, 0% used [0x00000000d9500000,0x00000000d9500000,0x00000000d9a00000)
 ParOldGen       total 84992K, used 2456K [0x0000000085200000, 0x000000008a500000, 0x00000000d7100000)
  object space 84992K, 2% used [0x0000000085200000,0x00000000854661e0,0x000000008a500000)
 Metaspace       used 15465K, capacity 15758K, committed 16000K, reserved 1062912K
  class space    used 1766K, capacity 1877K, committed 1920K, reserved 1048576K
Event: 1012.556 GC heap after
Heap after GC invocations=4 (full 0):
 PSYoungGen      total 36864K, used 4353K [0x00000000d7100000, 0x00000000d9a00000, 0x0000000100000000)
  eden space 31744K, 0% used [0x00000000d7100000,0x00000000d7100000,0x00000000d9000000)
  from space 5120K, 85% used [0x00000000d9500000,0x00000000d9940448,0x00000000d9a00000)
  to   space 5120K, 0% used [0x00000000d9000000,0x00000000d9000000,0x00000000d9500000)
 ParOldGen       total 84992K, used 2456K [0x0000000085200000, 0x000000008a500000, 0x00000000d7100000)
  object space 84992K, 2% used [0x0000000085200000,0x00000000854661e0,0x000000008a500000)
 Metaspace       used 15465K, capacity 15758K, committed 16000K, reserved 1062912K
  class space    used 1766K, capacity 1877K, committed 1920K, reserved 1048576K
}
Event: 1320.758 GC heap before
{Heap before GC invocations=5 (full 0):
 PSYoungGen      total 36864K, used 36097K [0x00000000d7100000, 0x00000000d9a00000, 0x0000000100000000)
  eden space 31744K, 100% used [0x00000000d7100000,0x00000000d9000000,0x00000000d9000000)
  from space 5120K, 85% used [0x00000000d9500000,0x00000000d9940448,0x00000000d9a00000)
  to   space 5120K, 0% used [0x00000000d9000000,0x00000000d9000000,0x00000000d9500000)
 ParOldGen       total 84992K, used 2456K [0x0000000085200000, 0x000000008a500000, 0x00000000d7100000)
  object space 84992K, 2% used [0x0000000085200000,0x00000000854661e0,0x000000008a500000)
 Metaspace       used 15465K, capacity 15758K, committed 16000K, reserved 1062912K
  class space    used 1766K, capacity 1877K, committed 1920K, reserved 1048576K
Event: 1320.765 GC heap after
Heap after GC invocations=5 (full 0):
 PSYoungGen      total 36352K, used 5105K [0x00000000d7100000, 0x00000000d9e80000, 0x0000000100000000)
  eden space 31232K, 0% used [0x00000000d7100000,0x00000000d7100000,0x00000000d8f80000)
  from space 5120K, 99% used [0x00000000d9000000,0x00000000d94fc610,0x00000000d9500000)
  to   space 7680K, 0% used [0x00000000d9700000,0x00000000d9700000,0x00000000d9e80000)
 ParOldGen       total 84992K, used 3248K [0x0000000085200000, 0x000000008a500000, 0x00000000d7100000)
  object space 84992K, 3% used [0x0000000085200000,0x000000008552c3b8,0x000000008a500000)
 Metaspace       used 15465K, capacity 15758K, committed 16000K, reserved 1062912K
  class space    used 1766K, capacity 1877K, committed 1920K, reserved 1048576K
}
Event: 1624.145 GC heap before
{Heap before GC invocations=6 (full 0):
 PSYoungGen      total 36352K, used 36337K [0x00000000d7100000, 0x00000000d9e80000, 0x0000000100000000)
  eden space 31232K, 100% used [0x00000000d7100000,0x00000000d8f80000,0x00000000d8f80000)
  from space 5120K, 99% used [0x00000000d9000000,0x00000000d94fc610,0x00000000d9500000)
  to   space 7680K, 0% used [0x00000000d9700000,0x00000000d9700000,0x00000000d9e80000)
 ParOldGen       total 84992K, used 3248K [0x0000000085200000, 0x000000008a500000, 0x00000000d7100000)
  object space 84992K, 3% used [0x0000000085200000,0x000000008552c3b8,0x000000008a500000)
 Metaspace       used 15465K, capacity 15758K, committed 16000K, reserved 1062912K
  class space    used 1766K, capacity 1877K, committed 1920K, reserved 1048576K
Event: 1624.149 GC heap after
Heap after GC invocations=6 (full 0):
 PSYoungGen      total 37888K, used 5857K [0x00000000d7100000, 0x00000000d9e00000, 0x0000000100000000)
  eden space 30720K, 0% used [0x00000000d7100000,0x00000000d7100000,0x00000000d8f00000)
  from space 7168K, 81% used [0x00000000d9700000,0x00000000d9cb87f8,0x00000000d9e00000)
  to   space 7680K, 0% used [0x00000000d8f00000,0x00000000d8f00000,0x00000000d9680000)
 ParOldGen       total 84992K, used 3256K [0x0000000085200000, 0x000000008a500000, 0x00000000d7100000)
  object space 84992K, 3% used [0x0000000085200000,0x000000008552e3b8,0x000000008a500000)
 Metaspace       used 15465K, capacity 15758K, committed 16000K, reserved 1062912K
  class space    used 1766K, capacity 1877K, committed 1920K, reserved 1048576K
}
Event: 1921.002 GC heap before
{Heap before GC invocations=7 (full 0):
 PSYoungGen      total 37888K, used 36577K [0x00000000d7100000, 0x00000000d9e00000, 0x0000000100000000)
  eden space 30720K, 100% used [0x00000000d7100000,0x00000000d8f00000,0x00000000d8f00000)
  from space 7168K, 81% used [0x00000000d9700000,0x00000000d9cb87f8,0x00000000d9e00000)
  to   space 7680K, 0% used [0x00000000d8f00000,0x00000000d8f00000,0x00000000d9680000)
 ParOldGen       total 84992K, used 3256K [0x0000000085200000, 0x000000008a500000, 0x00000000d7100000)
  object space 84992K, 3% used [0x0000000085200000,0x000000008552e3b8,0x000000008a500000)
 Metaspace       used 15465K, capacity 15758K, committed 16000K, reserved 1062912K
  class space    used 1766K, capacity 1877K, committed 1920K, reserved 1048576K
Event: 1921.011 GC heap after
Heap after GC invocations=7 (full 0):
 PSYoungGen      total 37888K, used 96K [0x00000000d7100000, 0x00000000d9f80000, 0x0000000100000000)
  eden space 30208K, 0% used [0x00000000d7100000,0x00000000d7100000,0x00000000d8e80000)
  from space 7680K, 1% used [0x00000000d8f00000,0x00000000d8f18000,0x00000000d9680000)
  to   space 8704K, 0% used [0x00000000d9700000,0x00000000d9700000,0x00000000d9f80000)
 ParOldGen       total 84992K, used 10097K [0x0000000085200000, 0x000000008a500000, 0x00000000d7100000)
  object space 84992K, 11% used [0x0000000085200000,0x0000000085bdc430,0x000000008a500000)
 Metaspace       used 15465K, capacity 15758K, committed 16000K, reserved 1062912K
  class space    used 1766K, capacity 1877K, committed 1920K, reserved 1048576K
}
Event: 2213.722 GC heap before
{Heap before GC invocations=8 (full 0):
 PSYoungGen      total 37888K, used 30304K [0x00000000d7100000, 0x00000000d9f80000, 0x0000000100000000)
  eden space 30208K, 100% used [0x00000000d7100000,0x00000000d8e80000,0x00000000d8e80000)
  from space 7680K, 1% used [0x00000000d8f00000,0x00000000d8f18000,0x00000000d9680000)
  to   space 8704K, 0% used [0x00000000d9700000,0x00000000d9700000,0x00000000d9f80000)
 ParOldGen       total 84992K, used 10097K [0x0000000085200000, 0x000000008a500000, 0x00000000d7100000)
  object space 84992K, 11% used [0x0000000085200000,0x0000000085bdc430,0x000000008a500000)
 Metaspace       used 15465K, capacity 15758K, committed 16000K, reserved 1062912K
  class space    used 1766K, capacity 1877K, committed 1920K, reserved 1048576K
Event: 2213.725 GC heap after
Heap after GC invocations=8 (full 0):
 PSYoungGen      total 38400K, used 64K [0x00000000d7100000, 0x00000000da000000, 0x0000000100000000)
  eden space 29696K, 0% used [0x00000000d7100000,0x00000000d7100000,0x00000000d8e00000)
  from space 8704K, 0% used [0x00000000d9700000,0x00000000d9710000,0x00000000d9f80000)
  to   space 9216K, 0% used [0x00000000d8e00000,0x00000000d8e00000,0x00000000d9700000)
 ParOldGen       total 84992K, used 10097K [0x0000000085200000, 0x000000008a500000, 0x00000000d7100000)
  object space 84992K, 11% used [0x0000000085200000,0x0000000085bdc430,0x000000008a500000)
 Metaspace       used 15465K, capacity 15758K, committed 16000K, reserved 1062912K
  class space    used 1766K, capacity 1877K, committed 1920K, reserved 1048576K
}

